<?xml version="1.0" encoding="UTF-8" ?>
<testsuite errors="0" failures="0" hostname="Joy" name="test.UnitTests" tests="1" time="0.113" timestamp="2014-04-13T02:16:54">
  <properties>
    <property name="java.vendor" value="Oracle Corporation" />
    <property name="sun.java.launcher" value="SUN_STANDARD" />
    <property name="eclipse.pdebuild.templates" value="/C:/Users/jitesh/Downloads/eclipse-standard-kepler-SR2-win32-x86_64/eclipse/plugins/org.eclipse.pde.build_3.8.100.v20130514-1028/templates/" />
    <property name="sun.management.compiler" value="HotSpot 64-Bit Tiered Compilers" />
    <property name="os.name" value="Windows 8" />
    <property name="sun.boot.class.path" value="C:\Program Files\Java\jre7\lib\resources.jar;C:\Program Files\Java\jre7\lib\rt.jar;C:\Program Files\Java\jre7\lib\sunrsasign.jar;C:\Program Files\Java\jre7\lib\jsse.jar;C:\Program Files\Java\jre7\lib\jce.jar;C:\Program Files\Java\jre7\lib\charsets.jar;C:\Program Files\Java\jre7\lib\jfr.jar;C:\Program Files\Java\jre7\classes" />
    <property name="sun.desktop" value="windows" />
    <property name="java.vm.specification.vendor" value="Oracle Corporation" />
    <property name="ant.home" value="C:\Users\jitesh\Downloads\eclipse-standard-kepler-SR2-win32-x86_64\eclipse\plugins\org.apache.ant_1.8.4.v201303080030" />
    <property name="java.runtime.version" value="1.7.0_51-b13" />
    <property name="user.name" value="jitesh" />
    <property name="build.dir" value="C:\Users\jitesh\workspace\usingAnt\bin" />
    <property name="user.language" value="en" />
    <property name="test.report.dir" value="C:\Users\jitesh\workspace\usingAnt\testreport" />
    <property name="sun.boot.library.path" value="C:\Program Files\Java\jre7\bin" />
    <property name="ant.file.type.Ant-Test" value="file" />
    <property name="ant.project.default-target" value="main" />
    <property name="ant.project.name" value="Ant-Test" />
    <property name="java.version" value="1.7.0_51" />
    <property name="user.timezone" value="" />
    <property name="sun.arch.data.model" value="64" />
    <property name="java.endorsed.dirs" value="C:\Program Files\Java\jre7\lib\endorsed" />
    <property name="sun.cpu.isalist" value="amd64" />
    <property name="sun.jnu.encoding" value="Cp1252" />
    <property name="file.encoding.pkg" value="sun.io" />
    <property name="file.separator" value="\" />
    <property name="java.specification.name" value="Java Platform API Specification" />
    <property name="java.class.version" value="51.0" />
    <property name="user.country" value="US" />
    <property name="java.home" value="C:\Program Files\Java\jre7" />
    <property name="java.vm.info" value="mixed mode" />
    <property name="ant.file" value="C:\Users\jitesh\workspace\usingAnt\runtest.xml" />
    <property name="os.version" value="6.2" />
    <property name="path.separator" value=";" />
    <property name="java.vm.version" value="24.51-b03" />
    <property name="user.variant" value="" />
    <property name="ant.library.dir" value="C:\Users\jitesh\Downloads\eclipse-standard-kepler-SR2-win32-x86_64\eclipse\plugins\org.apache.ant_1.8.4.v201303080030\lib" />
    <property name="java.awt.printerjob" value="sun.awt.windows.WPrinterJob" />
    <property name="sun.io.unicode.encoding" value="UnicodeLittle" />
    <property name="awt.toolkit" value="sun.awt.windows.WToolkit" />
    <property name="user.script" value="" />
    <property name="eclipse.pdebuild.scripts" value="/C:/Users/jitesh/Downloads/eclipse-standard-kepler-SR2-win32-x86_64/eclipse/plugins/org.eclipse.pde.build_3.8.100.v20130514-1028/scripts/" />
    <property name="user.home" value="C:\Users\jitesh" />
    <property name="java.specification.vendor" value="Oracle Corporation" />
    <property name="test.dir" value="C:\Users\jitesh\workspace\usingAnt\src" />
    <property name="java.library.path" value="C:\Program Files\Java\jre7\bin;C:\WINDOWS\Sun\Java\bin;C:\WINDOWS\system32;C:\WINDOWS;C:\Program Files\Broadcom\Broadcom 802.11 Network Adapter;;C:\Program Files (x86)\Intel\iCLS Client\;C:\Program Files\Intel\iCLS Client\;C:\WINDOWS\system32;C:\WINDOWS;C:\WINDOWS\System32\Wbem;C:\WINDOWS\System32\WindowsPowerShell\v1.0\;C:\Program Files (x86)\Intel\OpenCL SDK\2.0\bin\x86;C:\Program Files (x86)\Intel\OpenCL SDK\2.0\bin\x64;C:\Program Files\Intel\Intel(R) Management Engine Components\DAL;C:\Program Files\Intel\Intel(R) Management Engine Components\IPT;C:\Program Files (x86)\Intel\Intel(R) Management Engine Components\DAL;C:\Program Files (x86)\Intel\Intel(R) Management Engine Components\IPT;C:\Program Files\WIDCOMM\Bluetooth Software\;C:\Program Files\WIDCOMM\Bluetooth Software\syswow64;C:\Program Files\Java\jdk1.7.0_51;." />
    <property name="java.vendor.url" value="http://java.oracle.com/" />
    <property name="ant.file.Ant-Test" value="C:\Users\jitesh\workspace\usingAnt\runtest.xml" />
    <property name="java.vm.vendor" value="Oracle Corporation" />
    <property name="java.runtime.name" value="Java(TM) SE Runtime Environment" />
    <property name="sun.java.command" value="org.apache.tools.ant.taskdefs.optional.junit.JUnitTestRunner test.UnitTests filtertrace=true haltOnError=false haltOnFailure=true formatter=org.apache.tools.ant.taskdefs.optional.junit.SummaryJUnitResultFormatter showoutput=false outputtoformatters=true logfailedtests=true logtestlistenerevents=false formatter=org.apache.tools.ant.taskdefs.optional.junit.XMLJUnitResultFormatter,C:\Users\jitesh\workspace\usingAnt\testreport\TEST-test.UnitTests.xml crashfile=C:\Users\jitesh\workspace\usingAnt\junitvmwatcher1856786229573659368.properties propsfile=C:\Users\jitesh\workspace\usingAnt\junit5311315008873893629.properties" />
    <property name="java.class.path" value="C:\Users\jitesh\workspace\usingAnt\lib\junit-4.10.jar;C:\Users\jitesh\workspace\usingAnt\bin;C:\Users\jitesh\Downloads\eclipse-standard-kepler-SR2-win32-x86_64\eclipse\plugins\org.apache.ant_1.8.4.v201303080030\lib\ant-launcher.jar;C:\Users\jitesh\Downloads\eclipse-standard-kepler-SR2-win32-x86_64\eclipse\plugins\org.apache.ant_1.8.4.v201303080030\lib\ant.jar;C:\Users\jitesh\Downloads\eclipse-standard-kepler-SR2-win32-x86_64\eclipse\plugins\org.apache.ant_1.8.4.v201303080030\lib\ant-junit.jar;C:\Users\jitesh\Downloads\eclipse-standard-kepler-SR2-win32-x86_64\eclipse\plugins\org.apache.ant_1.8.4.v201303080030\lib\ant-junit4.jar" />
    <property name="ant.version" value="Apache Ant(TM) version 1.8.4 compiled on May 22 2012" />
    <property name="java.vm.specification.name" value="Java Virtual Machine Specification" />
    <property name="java.vm.specification.version" value="1.7" />
    <property name="sun.cpu.endian" value="little" />
    <property name="sun.os.patch.level" value="" />
    <property name="eclipse.pdebuild.home" value="/C:/Users/jitesh/Downloads/eclipse-standard-kepler-SR2-win32-x86_64/eclipse/plugins/org.eclipse.pde.build_3.8.100.v20130514-1028/./" />
    <property name="java.io.tmpdir" value="C:\Users\jitesh\AppData\Local\Temp\" />
    <property name="java.vendor.url.bug" value="http://bugreport.sun.com/bugreport/" />
    <property name="os.arch" value="amd64" />
    <property name="java.awt.graphicsenv" value="sun.awt.Win32GraphicsEnvironment" />
    <property name="java.ext.dirs" value="C:\Program Files\Java\jre7\lib\ext;C:\WINDOWS\Sun\Java\lib\ext" />
    <property name="user.dir" value="C:\Users\jitesh\workspace\usingAnt" />
    <property name="line.separator" value="&#xd;&#xa;" />
    <property name="java.vm.name" value="Java HotSpot(TM) 64-Bit Server VM" />
    <property name="basedir" value="C:\Users\jitesh\workspace\usingAnt" />
    <property name="ant.java.version" value="1.7" />
    <property name="ant.core.lib" value="C:\Users\jitesh\Downloads\eclipse-standard-kepler-SR2-win32-x86_64\eclipse\plugins\org.apache.ant_1.8.4.v201303080030\lib\ant.jar" />
    <property name="file.encoding" value="Cp1252" />
    <property name="java.specification.version" value="1.7" />
    <property name="src.dir" value="C:\Users\jitesh\workspace\usingAnt\src" />
    <property name="ant.project.invoked-targets" value="main" />
  </properties>
  <testcase classname="test.UnitTests" name="testMulti" time="0.003" />
  <system-out><![CDATA[]]></system-out>
  <system-err><![CDATA[]]></system-err>
</testsuite>
