<?xml version="1.0" encoding="UTF-8"?>
<!-- Generated by org.testng.reporters.JUnitReportReporter -->
<testsuite hostname="Joy" name="test.test.NewTest" tests="1" failures="0" timestamp="12 Apr 2014 21:22:05 GMT" time="0.021" errors="0">
  <testcase name="f" time="0.021" classname="test.test.NewTest"/>
</testsuite> <!-- test.test.NewTest -->
